build/app/outputs/mapping/release/mapping.txt
# compiler: R8
# compiler_version: 2.1.62
# min_api: 21
# pg_map_id: 6bd306d
# common_typos_disable
...
com.google.android.gms.internal.auth-api-phone.zzt -> com.google.android.gms.internal.auth-api-phone.g:
    com.google.android.gms.tasks.TaskCompletionSource zza -> a
com.google.android.gms.internal.auth-api-phone.zzw -> com.google.android.gms.internal.auth-api-phone.h:
    com.google.android.gms.internal.auth-api-phone.zzu zza -> a
    java.lang.String zzb -> b
com.google.android.gms.internal.auth-api-phone.zzx -> com.google.android.gms.internal.auth-api-phone.i:
    com.google.android.gms.internal.auth-api-phone.zzu zza -> a
com.google.android.gms.internal.auth-api-phone.zzy -> com.google.android.gms.internal.auth-api-phone.j:
    com.google.android.gms.tasks.TaskCompletionSource zza -> a
com.google.android.gms.internal.auth-api-phone.zzz -> com.google.android.gms.internal.auth-api-phone.k:
    com.google.android.gms.tasks.TaskCompletionSource zza -> a
com.google.android.gms.internal.base.zaf -> com.google.android.gms.internal.base.a:
    com.google.android.gms.internal.base.zaf zany -> a
    com.google.android.gms.internal.base.zai zanz -> b
    com.google.android.gms.internal.base.zaf zace() -> a
com.google.android.gms.internal.base.zag -> com.google.android.gms.internal.base.b:
com.google.android.gms.internal.base.zah -> com.google.android.gms.internal.base.c:
    int zaoa -> b
    int mChangingConfigurations -> a
com.google.android.gms.internal.base.zai -> com.google.android.gms.internal.base.d:
com.google.android.gms.internal.base.zam -> com.google.android.gms.internal.base.e:
com.google.android.gms.internal.base.zap -> com.google.android.gms.internal.base.f:
com.google.android.gms.internal.common.zzaa -> com.google.android.gms.internal.common.a:
com.google.android.gms.internal.common.zzae -> com.google.android.gms.internal.common.b:
    com.google.android.gms.internal.common.zzag zza -> c
    java.lang.Object zza(int) -> b
com.google.android.gms.internal.common.zzaf -> com.google.android.gms.internal.common.c:
    com.google.android.gms.internal.common.zzag zzc -> c
    int zzb -> b
    int zza -> a
com.google.android.gms.internal.common.zzai -> com.google.android.gms.internal.common.d:
    java.lang.Object[] zzb -> a
    com.google.android.gms.internal.common.zzag zza -> c
    int zzc -> b
com.google.android.gms.internal.common.zzg -> com.google.android.gms.internal.common.e:
com.google.android.gms.internal.common.zzj -> com.google.android.gms.internal.common.f:
    java.lang.Object zza -> a
    int zzb -> b
    java.lang.Object zza() -> b
    java.lang.Object zzb() -> c
com.google.android.gms.internal.common.zzk -> com.google.android.gms.internal.common.g:
com.google.android.gms.internal.common.zzl -> com.google.android.gms.internal.common.h:
    char zza -> a
com.google.android.gms.internal.common.zzm -> com.google.android.gms.internal.common.i:
    java.lang.String zza -> a
com.google.android.gms.internal.common.zzn -> com.google.android.gms.internal.common.j:
    com.google.android.gms.internal.common.zzn zza -> b
com.google.android.gms.internal.common.zzp -> com.google.android.gms.internal.common.k:
com.google.android.gms.internal.common.zzt -> com.google.android.gms.internal.common.l:
    com.google.android.gms.internal.common.zzu zza -> g
    int zzc(int) -> d
    int zzd(int) -> e
com.google.android.gms.internal.common.zzu -> com.google.android.gms.internal.common.m:
    com.google.android.gms.internal.common.zzo zza -> a
com.google.android.gms.internal.common.zzv -> com.google.android.gms.internal.common.n:
    java.lang.CharSequence zza -> a
    com.google.android.gms.internal.common.zzx zzb -> b
com.google.android.gms.internal.common.zzw -> com.google.android.gms.internal.common.o:
    java.lang.CharSequence zzb -> c
    int zzf -> f
    int zze -> e
    boolean zzd -> d
    java.lang.Object zza() -> b
    int zzc(int) -> d
    int zzd(int) -> e
com.google.android.gms.internal.common.zzz -> com.google.android.gms.internal.common.p:
    int zzb -> b
    int zza -> a
    java.lang.Object zza(int) -> b