build/app/outputs/mapping/release/usage.txt
com.african.chamber.R$string
com.african.chamber.R$font
com.african.chamber.R$mipmap
com.african.chamber.R$layout
com.african.chamber.R$menu
com.african.chamber.R$styleable
com.african.chamber.R$dimen
com.african.chamber.R$color
com.african.chamber.R$array
com.african.chamber.R$attr
com.african.chamber.R
com.african.chamber.R$bool
com.african.chamber.R$id
com.african.chamber.R$style
com.african.chamber.R$plurals
com.african.chamber.R$integer
com.african.chamber.BuildConfig
com.african.chamber.R$drawable
...
com.google.common.util.concurrent.AbstractTransformFuture$TransformFuture
androidx.customview.R$integer
com.google.android.gms.internal.ads.zzjo:
    static void <clinit>()
    static final synthetic int[] zza
androidx.recyclerview.widget.MessageThreadUtil
com.google.firebase.firestore.local.SQLiteLruReferenceDelegate:
    static final int REMOVE_ORPHANED_DOCUMENTS_BATCH_SIZE
io.grpc.ForwardingServerCall
com.google.firebase.storage.ListResult:
    private static final java.lang.String ITEMS_KEY
    private static final java.lang.String NAME_KEY
    private static final java.lang.String PAGE_TOKEN_KEY
    private static final java.lang.String PREFIXES_KEY
com.google.common.base.Joiner$MapJoiner
com.google.firebase.R$integer
com.google.common.util.concurrent.AbstractScheduledService$ServiceDelegate
com.google.api.ResourceDescriptor
kotlin.random.KotlinRandom
androidx.core.view.WindowInsetsCompat$TypeImpl30:
    private void <init>()
androidx.interpolator.view.animation.FastOutSlowInInterpolator
com.google.common.base.Splitter$MapSplitter
com.google.api.Context$Builder
androidx.loader.R$dimen
com.google.firestore.v1.TransactionOptions$ReadOnly$Builder:
    public com.google.firestore.v1.TransactionOptions$ReadOnly$ConsistencySelectorCase getConsistencySelectorCase()
    public com.google.firestore.v1.TransactionOptions$ReadOnly$Builder clearConsistencySelector()
    public boolean hasReadTime()
    public com.google.protobuf.Timestamp getReadTime()
    public com.google.firestore.v1.TransactionOptions$ReadOnly$Builder setReadTime(com.google.protobuf.Timestamp)
    public com.google.firestore.v1.TransactionOptions$ReadOnly$Builder setReadTime(com.google.protobuf.Timestamp$Builder)
    public com.google.firestore.v1.TransactionOptions$ReadOnly$Builder mergeReadTime(com.google.protobuf.Timestamp)
    public com.google.firestore.v1.TransactionOptions$ReadOnly$Builder clearReadTime()
com.google.android.exoplayer2.text.webvtt.WebvttCssStyle:
    public com.google.android.exoplayer2.text.webvtt.WebvttCssStyle setLinethrough(boolean)
    public static final int UNSPECIFIED
    public static final int STYLE_NORMAL
    public static final int STYLE_BOLD
    public static final int STYLE_ITALIC
    public static final int STYLE_BOLD_ITALIC
    public static final int FONT_SIZE_UNIT_PIXEL
    public static final int FONT_SIZE_UNIT_EM
    public static final int FONT_SIZE_UNIT_PERCENT
    private static final int OFF
    private static final int ON
com.iab.omid.library.tappx.adsession.AdSession:
    public abstract void error(com.iab.omid.library.tappx.adsession.ErrorType,java.lang.String)
    public abstract void removeFriendlyObstruction(android.view.View)
    public abstract void removeAllFriendlyObstructions()
    public abstract void setPossibleObstructionListener(com.iab.omid.library.tappx.adsession.PossibleObstructionListener)
    public abstract com.iab.omid.library.tappx.publisher.AdSessionStatePublisher getAdSessionStatePublisher()
    public abstract java.lang.String getAdSessionId()
kotlinx.coroutines.DispatchersKt
kotlin.jvm.internal.Ref$DoubleRef
com.google.firestore.v1.DocumentTransformOrBuilder
kotlin.random.XorWowRandom$Companion
com.google.firebase.R$styleable
io.grpc.InternalChannelz$ChannelStats
com.google.common.graph.ImmutableNetwork$Builder
com.google.common.graph.Graphs$TransposedNetwork
com.jhomlala.better_player.R$style
io.grpc.okhttp.internal.framed.ErrorCode:
    public static io.grpc.okhttp.internal.framed.ErrorCode fromSpdy3Rst(int)
    public static io.grpc.okhttp.internal.framed.ErrorCode fromSpdyGoAway(int)
kotlinx.coroutines.flow.FlowKt__BuildersKt$asFlow$$inlined$unsafeFlow$10$1
androidx.core.widget.NestedScrollView$SavedState
com.google.rpc.QuotaFailure$Violation
com.google.protobuf.Internal$LongList:
    public abstract long getLong(int)
    public abstract void addLong(long)
    public abstract long setLong(int,long)
    public abstract com.google.protobuf.Internal$LongList mutableCopyWithCapacity(int)